I210919 03:02:49.870057 1 util/log/file_sync_buffer.go:238 ⋮ [config]   file created at: 2021/09/19 03:02:49
I210919 03:02:49.870064 1 util/log/file_sync_buffer.go:238 ⋮ [config]   running on machine: ‹lekhaniray-VivoBook-ASUSLaptop-X512FA-X512FA›
I210919 03:02:49.870069 1 util/log/file_sync_buffer.go:238 ⋮ [config]   binary: CockroachDB CCL v21.1.7 (x86_64-unknown-linux-gnu, built 2021/08/09 17:55:28, go1.15.14)
I210919 03:02:49.870074 1 util/log/file_sync_buffer.go:238 ⋮ [config]   arguments: ‹[cockroach start-single-node]›
I210919 03:02:49.870079 1 util/log/file_sync_buffer.go:238 ⋮ [config]   log format (utf8=✓): crdb-v2
I210919 03:02:49.870082 1 util/log/file_sync_buffer.go:238 ⋮ [config]   line format: [IWEF]yymmdd hh:mm:ss.uuuuuu goid [chan@]file:line redactionmark \[tags\] [counter] msg
I210919 03:02:49.870011 1 server/status/recorder.go:629 ⋮ [-] 1  ‹available memory from cgroups is unsupported, using system memory 12 GiB instead: can't read available memory from cgroup v2 at /sys/fs/cgroup/unified/memory.max: open /sys/fs/cgroup/unified/memory.max: no such file or directory›
W210919 03:02:49.870126 1 1@cli/start.go:976 ⋮ [-] 2  ‹Using the default setting for --cache (128 MiB).›
W210919 03:02:49.870126 1 1@cli/start.go:976 ⋮ [-] 2 +‹  A significantly larger value is usually needed for good performance.›
W210919 03:02:49.870126 1 1@cli/start.go:976 ⋮ [-] 2 +‹  If you have a dedicated server a reasonable setting is --cache=.25 (2.9 GiB).›
I210919 03:02:49.870272 1 server/status/recorder.go:629 ⋮ [-] 3  ‹available memory from cgroups is unsupported, using system memory 12 GiB instead: can't read available memory from cgroup v2 at /sys/fs/cgroup/unified/memory.max: open /sys/fs/cgroup/unified/memory.max: no such file or directory›
I210919 03:02:49.870280 1 1@cli/start.go:1049 ⋮ [-] 4  ‹CockroachDB CCL v21.1.7 (x86_64-unknown-linux-gnu, built 2021/08/09 17:55:28, go1.15.14)›
I210919 03:02:49.870606 1 server/status/recorder.go:629 ⋮ [-] 5  ‹available memory from cgroups is unsupported, using system memory 12 GiB instead: can't read available memory from cgroup v2 at /sys/fs/cgroup/unified/memory.max: open /sys/fs/cgroup/unified/memory.max: no such file or directory›
I210919 03:02:49.870616 1 server/config.go:431 ⋮ [-] 6  system total memory: ‹12 GiB›
I210919 03:02:49.870622 1 server/config.go:433 ⋮ [-] 7  server configuration:
I210919 03:02:49.870622 1 server/config.go:433 ⋮ [-] 7 +‹max offset             500000000›
I210919 03:02:49.870622 1 server/config.go:433 ⋮ [-] 7 +‹cache size             128 MiB›
I210919 03:02:49.870622 1 server/config.go:433 ⋮ [-] 7 +‹SQL memory pool size   2.9 GiB›
I210919 03:02:49.870622 1 server/config.go:433 ⋮ [-] 7 +‹scan interval          10m0s›
I210919 03:02:49.870622 1 server/config.go:433 ⋮ [-] 7 +‹scan min idle time     10ms›
I210919 03:02:49.870622 1 server/config.go:433 ⋮ [-] 7 +‹scan max idle time     1s›
I210919 03:02:49.870622 1 server/config.go:433 ⋮ [-] 7 +‹event log enabled      true›
I210919 03:02:49.870649 1 1@cli/start.go:961 ⋮ [-] 8  process identity: ‹uid 1000 euid 1000 gid 1000 egid 1000›
W210919 03:02:49.870755 1 1@cli/start.go:1127 ⋮ [-] 9  could not initialize GEOS - spatial functions may not be available: geos: error during GEOS init: geos: cannot load GEOS from dir ‹"/usr/local/lib/cockroach"›: ‹geos error: /usr/local/lib/cockroach/libgeos.so: cannot open shared object file: No such file or directory›
I210919 03:02:49.870779 1 1@cli/start.go:528 ⋮ [-] 10  starting cockroach node
W210919 03:02:49.870977 16 server/config_unix.go:112 ⋮ [-] 11  soft open file descriptor limit 4096 is under the recommended limit 15000; this may decrease performance
W210919 03:02:49.870977 16 server/config_unix.go:112 ⋮ [-] 11 +‹please see https://www.cockroachlabs.com/docs/v21.1/recommended-production-settings.html for more details›
I210919 03:02:49.883877 16 server/config.go:568 ⋮ [n?] 12  1 storage engine‹› initialized
I210919 03:02:49.883990 16 server/config.go:571 ⋮ [n?] 13  ‹Pebble cache size: 128 MiB›
I210919 03:02:49.884051 16 server/config.go:571 ⋮ [n?] 14  ‹store 0: RocksDB, max size 0 B, max open file limit 3840›
E210919 03:02:49.888629 1 1@cli/error.go:399 ⋮ [-] 15  ‹ERROR: cannot load certificates.›
E210919 03:02:49.888629 1 1@cli/error.go:399 ⋮ [-] 15 +‹Check your certificate settings, set --certs-dir, or use --insecure for insecure clusters.›
E210919 03:02:49.888629 1 1@cli/error.go:399 ⋮ [-] 15 +‹failed to start server: problem using security settings: no certificates found; does certs dir exist?›
